<?xml version="1.0" encoding="UTF-8"?>
<!-- Generated by org.testng.reporters.JUnitReportReporter -->
<testsuite hostname="NBODHANI-TTWAS" name="org.apache.maven.plugins.CnC_FY21.Driverscript1" tests="1" failures="0" timestamp="10 Nov 2020 05:30:39 GMT" time="63.911" errors="0">
  <testcase name="driverScript" time="63.911" classname="org.apache.maven.plugins.CnC_FY21.Driverscript1"/>
</testsuite> <!-- org.apache.maven.plugins.CnC_FY21.Driverscript1 -->
