<?xml version="1.0" encoding="UTF-8"?>
<!-- Generated by org.testng.reporters.JUnitReportReporter -->
<testsuite hostname="Azure" name="org.apache.maven.plugins.REALM.Driverscript1" tests="1" failures="0" timestamp="11 Jan 2021 10:53:08 GMT" time="40.895" errors="0">
  <testcase name="driverScript" time="40.895" classname="org.apache.maven.plugins.REALM.Driverscript1"/>
</testsuite> <!-- org.apache.maven.plugins.REALM.Driverscript1 -->
